Start testing: Jun 20 15:43 CEST
----------------------------------------------------------
1/4 Testing: FactorialTest
1/4 Test: FactorialTest
Command: "/home/user/cmake/Projet_CMake/build/tests/test_factorial"
Directory: /home/user/cmake/Projet_CMake/build/tests
"FactorialTest" start time: Jun 20 15:43 CEST
Output:
----------------------------------------------------------
<end of output>
Test time =   0.00 sec
----------------------------------------------------------
Test Passed.
"FactorialTest" end time: Jun 20 15:43 CEST
"FactorialTest" time elapsed: 00:00:00
----------------------------------------------------------

2/4 Testing: FibonacciTest
2/4 Test: FibonacciTest
Command: "/home/user/cmake/Projet_CMake/build/tests/test_fibonacci"
Directory: /home/user/cmake/Projet_CMake/build/tests
"FibonacciTest" start time: Jun 20 15:43 CEST
Output:
----------------------------------------------------------
<end of output>
Test time =   0.00 sec
----------------------------------------------------------
Test Passed.
"FibonacciTest" end time: Jun 20 15:43 CEST
"FibonacciTest" time elapsed: 00:00:00
----------------------------------------------------------

3/4 Testing: PalindromeTest
3/4 Test: PalindromeTest
Command: "/home/user/cmake/Projet_CMake/build/tests/test_palindrome"
Directory: /home/user/cmake/Projet_CMake/build/tests
"PalindromeTest" start time: Jun 20 15:43 CEST
Output:
----------------------------------------------------------
<end of output>
Test time =   0.00 sec
----------------------------------------------------------
Test Passed.
"PalindromeTest" end time: Jun 20 15:43 CEST
"PalindromeTest" time elapsed: 00:00:00
----------------------------------------------------------

4/4 Testing: PrimeTest
4/4 Test: PrimeTest
Command: "/home/user/cmake/Projet_CMake/build/tests/test_prime"
Directory: /home/user/cmake/Projet_CMake/build/tests
"PrimeTest" start time: Jun 20 15:43 CEST
Output:
----------------------------------------------------------
<end of output>
Test time =   0.00 sec
----------------------------------------------------------
Test Passed.
"PrimeTest" end time: Jun 20 15:43 CEST
"PrimeTest" time elapsed: 00:00:00
----------------------------------------------------------

End testing: Jun 20 15:43 CEST
